[debug] [2021-09-26T08:12:54.408Z] ----------------------------------------------------------------------
[debug] [2021-09-26T08:12:54.412Z] Command:       C:\Program Files\nodejs\node.exe C:\Users\Lenovo\AppData\Roaming\npm\node_modules\firebase-tools\lib\bin\firebase.js init
[debug] [2021-09-26T08:12:54.413Z] CLI Version:   9.18.0
[debug] [2021-09-26T08:12:54.413Z] Platform:      win32
[debug] [2021-09-26T08:12:54.413Z] Node Version:  v14.17.6
[debug] [2021-09-26T08:12:54.414Z] Time:          Sun Sep 26 2021 13:42:54 GMT+0530 (India Standard Time)
[debug] [2021-09-26T08:12:54.414Z] ----------------------------------------------------------------------
[debug] 
[debug] [2021-09-26T08:12:54.425Z] > command requires scopes: ["email","openid","https://www.googleapis.com/auth/cloudplatformprojects.readonly","https://www.googleapis.com/auth/firebase","https://www.googleapis.com/auth/cloud-platform"]
[debug] [2021-09-26T08:12:54.425Z] > authorizing via signed-in user (vikram.rockxxx@gmail.com)
[info] 
     ######## #### ########  ######## ########     ###     ######  ########
     ##        ##  ##     ## ##       ##     ##  ##   ##  ##       ##
     ######    ##  ########  ######   ########  #########  ######  ######
     ##        ##  ##    ##  ##       ##     ## ##     ##       ## ##
     ##       #### ##     ## ######## ########  ##     ##  ######  ########

You're about to initialize a Firebase project in this directory:

  C:\Users\Lenovo\Downloads\design-patterns-chat-read-receipts

[info] 
=== Project Setup
[info] 
[info] First, let's associate this project directory with a Firebase project.
[info] You can create multiple project aliases by running firebase use --add, 
[info] but for now we'll just set up a default project.
[info] 
[debug] [2021-09-26T08:13:24.283Z] >>> [apiv2][query] GET https://firebase.googleapis.com/v1beta1/projects pageSize=100
[debug] [2021-09-26T08:13:25.127Z] <<< [apiv2][status] GET https://firebase.googleapis.com/v1beta1/projects 200
[debug] [2021-09-26T08:13:25.127Z] <<< [apiv2][body] GET https://firebase.googleapis.com/v1beta1/projects [omitted]
[info] i  Using project chat-app-6960d (Chat App) 
[info] 
=== Hosting Setup
[info] 
[info] Your public directory is the folder (relative to your project directory) that
[info] will contain Hosting assets to be uploaded with firebase deploy. If you
[info] have a build process for your assets, use your build's output directory.
[info] 
[debug] [2021-09-26T08:13:42.439Z] >>> [apiv2][query] GET https://www.gstatic.com/firebasejs/releases.json [none]
[debug] [2021-09-26T08:13:42.621Z] <<< [apiv2][status] GET https://www.gstatic.com/firebasejs/releases.json 200
[debug] [2021-09-26T08:13:42.622Z] <<< [apiv2][body] GET https://www.gstatic.com/firebasejs/releases.json {"current":{"version":"9.1.0","browserURL":"https://www.gstatic.com/firebasejs/9.1.0/firebase.js","packageURL":"https://www.gstatic.com/firebasejs/9.1.0/firebase.tgz"},"live":{"version":"9.1","browserURL":"https://www.gstatic.com/firebasejs/live/9.1/firebase.js","packageURL":"https://www.gstatic.com/firebasejs/live/9.1/firebase.tgz"},"components":{"analytics":"https://www.gstatic.com/firebasejs/9.1.0/firebase-analytics.js","app":"https://www.gstatic.com/firebasejs/9.1.0/firebase-app.js","app-check":"https://www.gstatic.com/firebasejs/9.1.0/firebase-app-check.js","auth":"https://www.gstatic.com/firebasejs/9.1.0/firebase-auth.js","auth/cordova":"https://www.gstatic.com/firebasejs/9.1.0/firebase-auth/cordova.js","auth/react-native":"https://www.gstatic.com/firebasejs/9.1.0/firebase-auth/react-native.js","functions":"https://www.gstatic.com/firebasejs/9.1.0/firebase-functions.js","firestore":"https://www.gstatic.com/firebasejs/9.1.0/firebase-firestore.js","firestore/lite":"https://www.gstatic.com/firebasejs/9.1.0/firebase-firestore/lite.js","storage":"https://www.gstatic.com/firebasejs/9.1.0/firebase-storage.js","performance":"https://www.gstatic.com/firebasejs/9.1.0/firebase-performance.js","remote-config":"https://www.gstatic.com/firebasejs/9.1.0/firebase-remote-config.js","messaging":"https://www.gstatic.com/firebasejs/9.1.0/firebase-messaging.js","messaging/sw":"https://www.gstatic.com/firebasejs/9.1.0/firebase-messaging/sw.js","database":"https://www.gstatic.com/firebasejs/9.1.0/firebase-database.js","firestore.memory":"https://www.gstatic.com/firebasejs/9.1.0/firebase-firestore.memory.js"}}
[info] +  Wrote public/index.html 
[info] 
[info] i  Didn't detect a .git folder. Assuming C:\Users\Lenovo\Downloads\design-patterns-chat-read-receipts is the project root. 
[info] i  Authorizing with GitHub to upload your service account to a GitHub repository's secrets store. 
[info] 
[info] Visit this URL on this device to log in:
[info] https://github.com/login/oauth/authorize?client_id=89cf50f02ac6aaed3484&state=195392084&redirect_uri=http%3A%2F%2Flocalhost%3A9005&scope=read%3Auser%20repo%20public_repo
[info] 
[info] Waiting for authentication...
[debug] [2021-09-26T08:13:50.096Z] >>> HTTP REQUEST POST https://github.com/login/oauth/access_token  
 {"client_id":"89cf50f02ac6aaed3484","client_secret":"3330d14abc895d9a74d5f17cd7a00711fa2c5bf0","code":"02c6730bf0efd9e4c19c","redirect_uri":"http://localhost:9005","state":"195392084"}
[debug] [2021-09-26T08:13:50.523Z] <<< HTTP RESPONSE 200 {"server":"GitHub.com","date":"Sun, 26 Sep 2021 08:13:49 GMT","content-type":"application/json; charset=utf-8","transfer-encoding":"chunked","vary":"X-PJAX, X-PJAX-Container, Accept-Encoding, Accept, X-Requested-With","permissions-policy":"interest-cohort=()","etag":"W/\"968e3c66c50cf353b34ff7115d744e0a\"","cache-control":"max-age=0, private, must-revalidate","strict-transport-security":"max-age=31536000; includeSubdomains; preload","x-frame-options":"deny","x-content-type-options":"nosniff","x-xss-protection":"0","referrer-policy":"origin-when-cross-origin, strict-origin-when-cross-origin","expect-ct":"max-age=2592000, report-uri=\"https://api.github.com/_private/browser/errors\"","content-security-policy":"default-src 'none'; base-uri 'self'; block-all-mixed-content; child-src github.githubassets.com; connect-src 'self' uploads.github.com www.githubstatus.com collector.githubapp.com api.github.com github-cloud.s3.amazonaws.com github-production-repository-file-5c1aeb.s3.amazonaws.com github-production-upload-manifest-file-7fdce7.s3.amazonaws.com github-production-user-asset-6210df.s3.amazonaws.com cdn.optimizely.com logx.optimizely.com/v1/events translator.github.com wss://alive.github.com; font-src github.githubassets.com; form-action 'self' github.com gist.github.com; frame-ancestors 'none'; frame-src render.githubusercontent.com viewscreen.githubusercontent.com; img-src 'self' data: github.githubassets.com identicons.github.com collector.githubapp.com github-cloud.s3.amazonaws.com secured-user-images.githubusercontent.com/ *.githubusercontent.com; manifest-src 'self'; media-src github.com user-images.githubusercontent.com/; script-src github.githubassets.com; style-src 'unsafe-inline' github.githubassets.com; worker-src github.githubassets.com github.com/socket-worker-0af8a29d.js gist.github.com/socket-worker-0af8a29d.js","x-github-request-id":"CFE1:3C94:184EEE:1D3F61:61502BBD"}
[debug] [2021-09-26T08:13:50.527Z] >>> [apiv2][query] GET https://api.github.com/user [none]
[debug] [2021-09-26T08:13:50.955Z] <<< [apiv2][status] GET https://api.github.com/user 200
[debug] [2021-09-26T08:13:50.956Z] <<< [apiv2][body] GET https://api.github.com/user {"login":"Vikram-BM","id":60289890,"node_id":"MDQ6VXNlcjYwMjg5ODkw","avatar_url":"https://avatars.githubusercontent.com/u/60289890?v=4","gravatar_id":"","url":"https://api.github.com/users/Vikram-BM","html_url":"https://github.com/Vikram-BM","followers_url":"https://api.github.com/users/Vikram-BM/followers","following_url":"https://api.github.com/users/Vikram-BM/following{/other_user}","gists_url":"https://api.github.com/users/Vikram-BM/gists{/gist_id}","starred_url":"https://api.github.com/users/Vikram-BM/starred{/owner}{/repo}","subscriptions_url":"https://api.github.com/users/Vikram-BM/subscriptions","organizations_url":"https://api.github.com/users/Vikram-BM/orgs","repos_url":"https://api.github.com/users/Vikram-BM/repos","events_url":"https://api.github.com/users/Vikram-BM/events{/privacy}","received_events_url":"https://api.github.com/users/Vikram-BM/received_events","type":"User","site_admin":false,"name":"Vikram B M","company":null,"blog":"","location":"Bangalore , Karnataka , India . ","email":"vikrambm.official@gmail.com","hireable":true,"bio":"I am a College Student studying B.Tech at Vellore Institute of Technology in Computer Science. \r\nLinkedIn :\r\nhttps://www.linkedin.com/in/vikram-b-m-071278187/","twitter_username":null,"public_repos":4,"public_gists":0,"followers":2,"following":3,"created_at":"2020-01-25T12:03:13Z","updated_at":"2021-09-07T16:15:25Z","private_gists":0,"total_private_repos":0,"owned_private_repos":0,"disk_usage":3946,"collaborators":0,"two_factor_authentication":false,"plan":{"name":"pro","space":976562499,"collaborators":0,"private_repos":9999}}
[info] 
[info] +  Success! Logged into GitHub as Vikram-BM 
[info] 
[debug] [2021-09-26T08:14:03.548Z] >>> [apiv2][query] GET https://api.github.com/repos//actions/secrets/public-key type=owner
[debug] [2021-09-26T08:14:03.846Z] <<< [apiv2][status] GET https://api.github.com/repos//actions/secrets/public-key 404
[debug] [2021-09-26T08:14:03.847Z] <<< [apiv2][body] GET https://api.github.com/repos//actions/secrets/public-key {"message":"Not Found","documentation_url":"https://docs.github.com/rest"}
[debug] [2021-09-26T08:14:04.842Z] >>> [apiv2][query] GET https://api.github.com/repos//actions/secrets/public-key type=owner
[debug] [2021-09-26T08:14:05.163Z] <<< [apiv2][status] GET https://api.github.com/repos//actions/secrets/public-key 404
[debug] [2021-09-26T08:14:05.163Z] <<< [apiv2][body] GET https://api.github.com/repos//actions/secrets/public-key {"message":"Not Found","documentation_url":"https://docs.github.com/rest"}
